  Ball.cpp
  Board.cpp
  Game.cpp
  GUI.cpp
C:\Users\Arkadiusz\source\repos\BillardGUIApp\BilardGUIApp\Board.h(23,5): error C2143: syntax error: missing ';' before '*' (compiling source file GUI.cpp)
C:\Users\Arkadiusz\source\repos\BillardGUIApp\BilardGUIApp\Board.h(23,5): error C4430: missing type specifier - int assumed. Note: C++ does not support default-int (compiling source file GUI.cpp)
C:\Users\Arkadiusz\source\repos\BillardGUIApp\BilardGUIApp\Board.h(23,10): error C2238: unexpected token(s) preceding ';' (compiling source file GUI.cpp)
C:\Users\Arkadiusz\source\repos\BillardGUIApp\BilardGUIApp\Board.h(25,98): error C2061: syntax error: identifier 'GUI' (compiling source file GUI.cpp)
C:\Users\Arkadiusz\source\repos\BillardGUIApp\BilardGUIApp\GUI.h(17,15): error C2065: 'Ball': undeclared identifier (compiling source file Ball.cpp)
C:\Users\Arkadiusz\source\repos\BillardGUIApp\BilardGUIApp\GUI.h(17,20): error C2059: syntax error: '>' (compiling source file Ball.cpp)
C:\Users\Arkadiusz\source\repos\BillardGUIApp\BilardGUIApp\GUI.h(27,29): error C2065: 'Ball': undeclared identifier (compiling source file Ball.cpp)
C:\Users\Arkadiusz\source\repos\BillardGUIApp\BilardGUIApp\GUI.h(27,34): error C2059: syntax error: '>' (compiling source file Ball.cpp)
C:\Users\Arkadiusz\source\repos\BillardGUIApp\BilardGUIApp\GUI.h(17,15): error C2065: 'Ball': undeclared identifier (compiling source file Game.cpp)
C:\Users\Arkadiusz\source\repos\BillardGUIApp\BilardGUIApp\GUI.h(17,20): error C2059: syntax error: '>' (compiling source file Game.cpp)
C:\Users\Arkadiusz\source\repos\BillardGUIApp\BilardGUIApp\GUI.h(27,29): error C2065: 'Ball': undeclared identifier (compiling source file Game.cpp)
  main.cpp
  Player.cpp
C:\Users\Arkadiusz\source\repos\BillardGUIApp\BilardGUIApp\GUI.h(27,34): error C2059: syntax error: '>' (compiling source file Game.cpp)
C:\Users\Arkadiusz\source\repos\BillardGUIApp\BilardGUIApp\GUI.h(17,15): error C2065: 'Ball': undeclared identifier (compiling source file Player.cpp)
C:\Users\Arkadiusz\source\repos\BillardGUIApp\BilardGUIApp\GUI.h(17,20): error C2059: syntax error: '>' (compiling source file Player.cpp)
C:\Users\Arkadiusz\source\repos\BillardGUIApp\BilardGUIApp\GUI.h(27,29): error C2065: 'Ball': undeclared identifier (compiling source file Player.cpp)
C:\Users\Arkadiusz\source\repos\BillardGUIApp\BilardGUIApp\GUI.h(27,34): error C2059: syntax error: '>' (compiling source file Player.cpp)
C:\Users\Arkadiusz\source\repos\BillardGUIApp\BilardGUIApp\GUI.h(17,15): error C2065: 'Ball': undeclared identifier (compiling source file main.cpp)
C:\Users\Arkadiusz\source\repos\BillardGUIApp\BilardGUIApp\GUI.h(17,20): error C2059: syntax error: '>' (compiling source file main.cpp)
C:\Users\Arkadiusz\source\repos\BillardGUIApp\BilardGUIApp\GUI.h(27,29): error C2065: 'Ball': undeclared identifier (compiling source file main.cpp)
C:\Users\Arkadiusz\source\repos\BillardGUIApp\BilardGUIApp\GUI.h(27,34): error C2059: syntax error: '>' (compiling source file main.cpp)
